<?xml version="1.0" encoding="UTF-8"?><testsuite errors="1" failures="0" name="Comprar Un Portatil" skipped="0" tests="1" time="3.02" timestamp="2022-03-08 09:48:06"><testcase name="el usuario  compra de un portatil"><error message="java.lang.AssertionError--&gt;java.lang.NullPointerException--&gt;null" type="net.sf.cglib.core.CodeGenerationException">java.lang.AssertionError--&gt;java.lang.NullPointerException--&gt;null</error><system-err>java.lang.AssertionError--&gt;java.lang.NullPointerException--&gt;null&#13;
cucumber.runner.Runner.runPickle(Runner.java:80)&#13;
</system-err></testcase></testsuite>